android/app/build/intermediates/manifest_merge_blame_file/debug/manifest-merger-blame-debug-report.txt
1<?xml version="1.0" encoding="utf-8"?>
2<manifest xmlns:android="http://schemas.android.com/apk/res/android"
3    package="com.radiotemplate"
4    android:versionCode="1"
5    android:versionName="1.0" >
6
7    <uses-sdk
8        android:minSdkVersion="16"
9        android:targetSdkVersion="28" />
10
11    <uses-permission android:name="android.permission.SYSTEM_ALERT_WINDOW" />
11-->src/debug/AndroidManifest.xml:5:5-77
11-->src/debug/AndroidManifest.xml:5:22-75
12    <uses-permission android:name="android.permission.INTERNET" />
12-->src/main/AndroidManifest.xml:4:5-67
12-->src/main/AndroidManifest.xml:4:22-64
13    <uses-permission android:name="android.permission.ACCESS_WIFI_STATE" />
13-->[com.facebook.flipper:flipper:0.33.1] AndroidManifest.xml:16:5-76
13-->[com.facebook.flipper:flipper:0.33.1] AndroidManifest.xml:16:22-73
14    <uses-permission android:name="android.permission.WAKE_LOCK" />
14-->[:react-native-track-player] AndroidManifest.xml:11:5-68
14-->[:react-native-track-player] AndroidManifest.xml:11:22-65
15    <uses-permission android:name="android.permission.FOREGROUND_SERVICE" />
15-->[:react-native-track-player] AndroidManifest.xml:12:5-77
15-->[:react-native-track-player] AndroidManifest.xml:12:22-74
16    <uses-permission android:name="android.permission.ACCESS_NETWORK_STATE" />
16-->[com.google.android.gms:play-services-ads-lite:19.2.0] AndroidManifest.xml:24:5-79
16-->[com.google.android.gms:play-services-ads-lite:19.2.0] AndroidManifest.xml:24:22-76
17
18    <application
18-->src/main/AndroidManifest.xml:6:5-29:19
19        android:name="com.radiotemplate.MainApplication"
19-->src/main/AndroidManifest.xml:8:7-38
20        android:allowBackup="false"
20-->src/main/AndroidManifest.xml:12:7-34
21        android:appComponentFactory="androidx.core.app.CoreComponentFactory"
21-->[androidx.core:core:1.2.0-beta01] AndroidManifest.xml:24:18-86
22        android:debuggable="true"
23        android:icon="@mipmap/ic_launcher"
23-->src/main/AndroidManifest.xml:10:7-41
24        android:label="@string/app_name"
24-->src/main/AndroidManifest.xml:9:7-39
25        android:roundIcon="@mipmap/ic_launcher_round"
25-->src/main/AndroidManifest.xml:11:7-52
26        android:theme="@style/AppTheme"
26-->src/main/AndroidManifest.xml:13:7-38
27        android:usesCleartextTraffic="true" >
27-->src/debug/AndroidManifest.xml:7:18-53
28        <activity
28-->src/main/AndroidManifest.xml:14:7-24:18
29            android:name="com.radiotemplate.MainActivity"
29-->src/main/AndroidManifest.xml:15:9-37
30            android:configChanges="keyboard|keyboardHidden|orientation|screenSize|uiMode"
30-->src/main/AndroidManifest.xml:17:9-86
31            android:label="@string/app_name"
31-->src/main/AndroidManifest.xml:16:9-41
32            android:launchMode="singleTask"
32-->src/main/AndroidManifest.xml:18:9-40
33            android:windowSoftInputMode="adjustResize" >
33-->src/main/AndroidManifest.xml:19:9-51
34            <intent-filter>
34-->src/main/AndroidManifest.xml:20:9-23:25
35                <action android:name="android.intent.action.MAIN" />
35-->src/main/AndroidManifest.xml:21:13-65
35-->src/main/AndroidManifest.xml:21:21-62
36
37                <category android:name="android.intent.category.LAUNCHER" />
37-->src/main/AndroidManifest.xml:22:13-73
37-->src/main/AndroidManifest.xml:22:23-70
38            </intent-filter>
39        </activity>
40        <activity android:name="com.facebook.react.devsupport.DevSettingsActivity" />
40-->src/main/AndroidManifest.xml:25:7-84
40-->src/main/AndroidManifest.xml:25:17-81
41
42        <meta-data
42-->src/main/AndroidManifest.xml:26:7-28:69
43            android:name="com.google.android.gms.ads.APPLICATION_ID"
43-->src/main/AndroidManifest.xml:27:13-69
44            android:value="ca-app-pub-1554575210508408~2504980232" /> <!-- The main service, handles playback, playlists and media buttons -->
44-->src/main/AndroidManifest.xml:28:13-67
45        <service
45-->[:react-native-track-player] AndroidManifest.xml:17:9-24:19
46            android:name="com.guichaguri.trackplayer.service.MusicService"
46-->[:react-native-track-player] AndroidManifest.xml:18:13-75
47            android:enabled="true"
47-->[:react-native-track-player] AndroidManifest.xml:19:13-35
48            android:exported="true" >
48-->[:react-native-track-player] AndroidManifest.xml:20:13-36
49            <intent-filter>
49-->[:react-native-track-player] AndroidManifest.xml:21:13-23:29
50                <action android:name="android.intent.action.MEDIA_BUTTON" />
50-->[:react-native-track-player] AndroidManifest.xml:22:17-77
50-->[:react-native-track-player] AndroidManifest.xml:22:25-74
51            </intent-filter>
52        </service> <!-- A receiver that will receive media buttons. Required on pre-lollipop devices -->
53        <receiver android:name="androidx.media.session.MediaButtonReceiver" >
53-->[:react-native-track-player] AndroidManifest.xml:27:9-31:20
53-->[:react-native-track-player] AndroidManifest.xml:27:19-76
54            <intent-filter>
54-->[:react-native-track-player] AndroidManifest.xml:21:13-23:29
55                <action android:name="android.intent.action.MEDIA_BUTTON" />
55-->[:react-native-track-player] AndroidManifest.xml:22:17-77
55-->[:react-native-track-player] AndroidManifest.xml:22:25-74
56            </intent-filter>
57        </receiver>
58
59        <provider
59-->[:react-native-webview] AndroidManifest.xml:12:9-20:20
60            android:name="com.reactnativecommunity.webview.RNCWebViewFileProvider"
60-->[:react-native-webview] AndroidManifest.xml:13:13-83
61            android:authorities="com.radiotemplate.fileprovider"
61-->[:react-native-webview] AndroidManifest.xml:14:13-64
62            android:exported="false"
62-->[:react-native-webview] AndroidManifest.xml:15:13-37
63            android:grantUriPermissions="true" >
63-->[:react-native-webview] AndroidManifest.xml:16:13-47
64            <meta-data
64-->[:react-native-webview] AndroidManifest.xml:17:13-19:63
65                android:name="android.support.FILE_PROVIDER_PATHS"
65-->[:react-native-webview] AndroidManifest.xml:18:17-67
66                android:resource="@xml/file_provider_paths" />
66-->[:react-native-webview] AndroidManifest.xml:19:17-60
67        </provider> <!-- Include the AdActivity and InAppPurchaseActivity configChanges and themes. -->
68        <activity
68-->[com.google.android.gms:play-services-ads-lite:19.2.0] AndroidManifest.xml:29:9-33:64
69            android:name="com.google.android.gms.ads.AdActivity"
69-->[com.google.android.gms:play-services-ads-lite:19.2.0] AndroidManifest.xml:30:13-65
70            android:configChanges="keyboard|keyboardHidden|orientation|screenLayout|uiMode|screenSize|smallestScreenSize"
70-->[com.google.android.gms:play-services-ads-lite:19.2.0] AndroidManifest.xml:31:13-122
71            android:exported="false"
71-->[com.google.android.gms:play-services-ads-lite:19.2.0] AndroidManifest.xml:32:13-37
72            android:theme="@android:style/Theme.Translucent" />
72-->[com.google.android.gms:play-services-ads-lite:19.2.0] AndroidManifest.xml:33:13-61
73
74        <provider
74-->[com.google.android.gms:play-services-ads-lite:19.2.0] AndroidManifest.xml:35:9-39:39
75            android:name="com.google.android.gms.ads.MobileAdsInitProvider"
75-->[com.google.android.gms:play-services-ads-lite:19.2.0] AndroidManifest.xml:36:13-76
76            android:authorities="com.radiotemplate.mobileadsinitprovider"
76-->[com.google.android.gms:play-services-ads-lite:19.2.0] AndroidManifest.xml:37:13-73
77            android:exported="false"
77-->[com.google.android.gms:play-services-ads-lite:19.2.0] AndroidManifest.xml:38:13-37
78            android:initOrder="100" />
78-->[com.google.android.gms:play-services-ads-lite:19.2.0] AndroidManifest.xml:39:13-36
79
80        <meta-data
80-->[com.google.android.gms:play-services-basement:17.0.0] AndroidManifest.xml:23:9-25:69
81            android:name="com.google.android.gms.version"
81-->[com.google.android.gms:play-services-basement:17.0.0] AndroidManifest.xml:24:13-58
82            android:value="@integer/google_play_services_version" />
82-->[com.google.android.gms:play-services-basement:17.0.0] AndroidManifest.xml:25:13-66
83    </application>
84
85</manifest>